<?xml version="1.0" encoding="UTF-8"?>
<!-- Generated by org.testng.reporters.JUnitReportReporter -->
<testsuite hostname="DESKTOP-ACN7QFI" failures="0" tests="4" name="testscript1.SwagLabsFilter" time="1.057" errors="0" timestamp="2022-01-28T17:53:42 IST" skipped="0">
  <testcase classname="testscript1.SwagLabsFilter" name="dropdownAtoZ" time="0.424"/>
  <system-out/>
  <testcase classname="testscript1.SwagLabsFilter" name="dropdownZtoA" time="0.242"/>
  <system-out/>
  <testcase classname="testscript1.SwagLabsFilter" name="pricelowtohigh" time="0.220"/>
  <system-out/>
  <testcase classname="testscript1.SwagLabsFilter" name="pricehightolow" time="0.171"/>
  <system-out/>
</testsuite> <!-- testscript1.SwagLabsFilter -->
